d:\github\markdown\parser\debug\vc120.pdb
d:\github\markdown\parser\debug\vc120.idb
d:\github\markdown\parser\debug\global_vars.obj
d:\github\markdown\parser\debug\markdown_parser.obj
d:\github\markdown\parser\debug\lib_api.obj
d:\github\markdown\parser\debug\odf.obj
d:\github\markdown\parser\debug\output.obj
d:\github\markdown\parser\debug\parser.obj
d:\github\markdown\parser\debug\parsings.obj
d:\github\markdown\parser\debug\utilities.obj
d:\github\markdown\debug\parser.ilk
d:\github\markdown\debug\parser.exe
d:\github\markdown\debug\parser.pdb
d:\github\markdown\debug\parser.lib
d:\github\markdown\debug\parser.exp
d:\github\markdown\parser\debug\parser.tlog\cl.command.1.tlog
d:\github\markdown\parser\debug\parser.tlog\cl.read.1.tlog
d:\github\markdown\parser\debug\parser.tlog\cl.write.1.tlog
d:\github\markdown\parser\debug\parser.tlog\link.command.1.tlog
d:\github\markdown\parser\debug\parser.tlog\link.read.1.tlog
d:\github\markdown\parser\debug\parser.tlog\link.write.1.tlog
d:\github\markdown\parser\debug\parser.tlog\parser.write.1u.tlog
